<?xml version="1.0" encoding="UTF-8"?>
<!-- Generated by org.testng.reporters.JUnitReportReporter -->
<testsuite hostname="DESKTOP-QI6H2EA" failures="0" tests="1" name="testcases.Add_Package" time="3.305" errors="0" timestamp="2023-08-30T10:52:51 IST" skipped="0">
  <testcase classname="testcases.Add_Package" name="addPackageTest" time="3.305"/>
</testsuite> <!-- testcases.Add_Package -->
