<?xml version="1.0" encoding="UTF-8"?>
<!-- Generated by org.testng.reporters.JUnitReportReporter -->
<testsuite hostname="DESKTOP-QI6H2EA" failures="0" tests="1" name="testcases.AdminLogin" time="1.494" errors="0" timestamp="2023-08-29T12:58:56 IST" skipped="0">
  <testcase classname="testcases.AdminLogin" name="loginwithValidCredentials" time="1.494"/>
</testsuite> <!-- testcases.AdminLogin -->
